<?xml version="1.0" encoding="UTF-8"?>
<!-- Generated by org.testng.reporters.JUnitReportReporter -->
<testsuite skipped="0" hostname="qc" name="com.hms.qc.tests.CreateNewHostelTest" tests="3" failures="0" timestamp="07 Jul 2018 10:13:05 GMT" time="68.035" errors="0">
  <testcase name="verifyAdminPageTitleTest" time="17.805" classname="com.hms.qc.tests.CreateNewHostelTest"/>
  <testcase name="hostelTest" time="16.661" classname="com.hms.qc.tests.CreateNewHostelTest"/>
  <testcase name="hostelDetailsTest" time="33.569" classname="com.hms.qc.tests.CreateNewHostelTest"/>
</testsuite> <!-- com.hms.qc.tests.CreateNewHostelTest -->
