<?xml version="1.0" encoding="UTF-8"?>
<!-- Generated by org.testng.reporters.JUnitReportReporter -->
<testsuite skipped="0" hostname="qc" name="com.hms.qa.tests.SignUpTest" tests="1" failures="0" timestamp="11 Jul 2018 11:41:35 GMT" time="16.857" errors="0">
  <testcase name="clickSignInTest" time="16.857" classname="com.hms.qa.tests.SignUpTest"/>
</testsuite> <!-- com.hms.qa.tests.SignUpTest -->
