<?xml version="1.0" encoding="UTF-8"?>
<!-- Generated by org.testng.reporters.JUnitReportReporter -->
<testsuite skipped="0" hostname="qc" name="com.hms.qa.tests.CreateNewHostelPageTest" tests="3" failures="0" timestamp="20 Jul 2018 09:39:26 GMT" time="84.794" errors="0">
  <testcase name="verifyAdminPageTitleTest" time="22.653" classname="com.hms.qa.tests.CreateNewHostelPageTest"/>
  <testcase name="hostelDetailsTest" time="39.316" classname="com.hms.qa.tests.CreateNewHostelPageTest"/>
  <testcase name="hostelRoomsTest" time="22.825" classname="com.hms.qa.tests.CreateNewHostelPageTest"/>
</testsuite> <!-- com.hms.qa.tests.CreateNewHostelPageTest -->
