<?xml version="1.0" encoding="UTF-8"?>
<!-- Generated by org.testng.reporters.JUnitReportReporter -->
<testsuite skipped="0" hostname="qc" name="com.hms.qc.tests.LoginPageTest" tests="3" failures="0" timestamp="07 Jul 2018 07:38:36 GMT" time="51.661" errors="0">
  <testcase name="loginPageTitleTest" time="21.954" classname="com.hms.qc.tests.LoginPageTest"/>
  <testcase name="hmsLogoImageTest" time="11.665" classname="com.hms.qc.tests.LoginPageTest"/>
  <testcase name="loginTest" time="18.042" classname="com.hms.qc.tests.LoginPageTest"/>
</testsuite> <!-- com.hms.qc.tests.LoginPageTest -->
