<?xml version="1.0" encoding="UTF-8"?>
<!-- Generated by org.testng.reporters.JUnitReportReporter -->
<testsuite skipped="0" hostname="qc" name="com.hms.qa.tests.BookingPageTest" tests="2" failures="0" timestamp="12 Jul 2018 06:59:20 GMT" time="4.173" errors="0">
  <testcase name="bookHostelRoomTest" time="3.513" classname="com.hms.qa.tests.BookingPageTest"/>
  <testcase name="custDetailsTest" time="0.660" classname="com.hms.qa.tests.BookingPageTest"/>
</testsuite> <!-- com.hms.qa.tests.BookingPageTest -->
