<?xml version="1.0" encoding="UTF-8"?>
<!-- Generated by org.testng.reporters.JUnitReportReporter -->
<testsuite skipped="0" hostname="qc" name="com.hms.qa.tests.CreateNewHostelPageTest" tests="3" failures="0" timestamp="20 Jul 2018 07:41:56 GMT" time="81.788" errors="0">
  <testcase name="verifyAdminPageTitleTest" time="21.546" classname="com.hms.qa.tests.CreateNewHostelPageTest"/>
  <testcase name="hostelDetailsTest" time="37.714" classname="com.hms.qa.tests.CreateNewHostelPageTest"/>
  <testcase name="hostelRoomsTest" time="22.528" classname="com.hms.qa.tests.CreateNewHostelPageTest"/>
</testsuite> <!-- com.hms.qa.tests.CreateNewHostelPageTest -->
