<?xml version="1.0" encoding="UTF-8"?>
<!-- Generated by org.testng.reporters.JUnitReportReporter -->
<testsuite skipped="0" hostname="qc" name="com.hms.qa.tests.CreateNewHostelPageTest" tests="3" failures="0" timestamp="12 Jul 2018 06:59:20 GMT" time="68.614" errors="0">
  <testcase name="verifyAdminPageTitleTest" time="18.388" classname="com.hms.qa.tests.CreateNewHostelPageTest"/>
  <testcase name="hostelDetailsTest" time="30.328" classname="com.hms.qa.tests.CreateNewHostelPageTest"/>
  <testcase name="hostelRoomsTest" time="19.898" classname="com.hms.qa.tests.CreateNewHostelPageTest"/>
</testsuite> <!-- com.hms.qa.tests.CreateNewHostelPageTest -->
