<?xml version="1.0" encoding="UTF-8"?>
<!-- Generated by org.testng.reporters.JUnitReportReporter -->
<testsuite skipped="0" hostname="qc" name="com.hms.qa.tests.SignUpPageTest" tests="1" failures="0" timestamp="12 Jul 2018 10:50:34 GMT" time="17.689" errors="0">
  <testcase name="clickSignInTest" time="17.689" classname="com.hms.qa.tests.SignUpPageTest"/>
</testsuite> <!-- com.hms.qa.tests.SignUpPageTest -->
