<?xml version="1.0" encoding="UTF-8"?>
<!-- Generated by org.testng.reporters.JUnitReportReporter -->
<testsuite skipped="0" hostname="qc" name="com.hms.qa.tests.SignUpPageTest" tests="1" failures="0" timestamp="20 Jul 2018 05:58:47 GMT" time="16.326" errors="0">
  <testcase name="signUnTest" time="16.326" classname="com.hms.qa.tests.SignUpPageTest"/>
</testsuite> <!-- com.hms.qa.tests.SignUpPageTest -->
