<?xml version="1.0" encoding="UTF-8"?>
<!-- Generated by org.testng.reporters.JUnitReportReporter -->
<testsuite skipped="0" hostname="qc" name="com.hms.qa.tests.CreateNewHostelTest" tests="3" failures="0" timestamp="10 Jul 2018 07:40:31 GMT" time="69.175" errors="0">
  <testcase name="verifyAdminPageTitleTest" time="21.472" classname="com.hms.qa.tests.CreateNewHostelTest"/>
  <testcase name="hostelDetailsTest" time="28.639" classname="com.hms.qa.tests.CreateNewHostelTest"/>
  <testcase name="hostelRoomsTest" time="19.064" classname="com.hms.qa.tests.CreateNewHostelTest"/>
</testsuite> <!-- com.hms.qa.tests.CreateNewHostelTest -->
