<?xml version="1.0" encoding="UTF-8"?>
<!-- Generated by org.testng.reporters.JUnitReportReporter -->
<testsuite skipped="0" hostname="qc" name="com.hms.qa.tests.SignUpTest" tests="1" failures="0" timestamp="10 Jul 2018 12:43:30 GMT" time="15.839" errors="0">
  <testcase name="clickSignInTest" time="15.839" classname="com.hms.qa.tests.SignUpTest"/>
</testsuite> <!-- com.hms.qa.tests.SignUpTest -->
