<?xml version="1.0" encoding="UTF-8"?>
<!-- Generated by org.testng.reporters.JUnitReportReporter -->
<testsuite skipped="0" hostname="qc" name="com.hms.qa.tests.LoginPageTest" tests="2" failures="0" timestamp="19 Jul 2018 06:17:25 GMT" time="29.933" errors="0">
  <testcase name="loginPageTitleTest" time="11.509" classname="com.hms.qa.tests.LoginPageTest"/>
  <testcase name="loginTest" time="18.424" classname="com.hms.qa.tests.LoginPageTest"/>
</testsuite> <!-- com.hms.qa.tests.LoginPageTest -->
