<?xml version="1.0" encoding="UTF-8"?>
<!-- Generated by org.testng.reporters.JUnitReportReporter -->
<testsuite skipped="3" hostname="qc" name="com.hms.qa.tests.CreateNewHostelTest" tests="3" failures="0" timestamp="10 Jul 2018 10:46:32 GMT" time="0.000" errors="0">
  <testcase name="verifyAdminPageTitleTest" time="0.000" classname="com.hms.qa.tests.CreateNewHostelTest">
    <skipped/>
  </testcase> <!-- verifyAdminPageTitleTest -->
  <testcase name="hostelDetailsTest" time="0.000" classname="com.hms.qa.tests.CreateNewHostelTest">
    <skipped/>
  </testcase> <!-- hostelDetailsTest -->
  <testcase name="hostelRoomsTest" time="0.000" classname="com.hms.qa.tests.CreateNewHostelTest">
    <skipped/>
  </testcase> <!-- hostelRoomsTest -->
</testsuite> <!-- com.hms.qa.tests.CreateNewHostelTest -->
