<?xml version="1.0" encoding="UTF-8"?>
<!-- Generated by org.testng.reporters.JUnitReportReporter -->
<testsuite skipped="1" hostname="qc" name="com.hms.qa.tests.LoginDataDrivenTest" tests="1" failures="0" timestamp="04 Aug 2018 10:57:15 GMT" time="0.000" errors="0">
  <testcase name="testData" time="0.000" classname="com.hms.qa.tests.LoginDataDrivenTest">
    <skipped/>
  </testcase> <!-- testData -->
</testsuite> <!-- com.hms.qa.tests.LoginDataDrivenTest -->
