<?xml version="1.0" encoding="UTF-8"?>
<!-- Generated by org.testng.reporters.JUnitReportReporter -->
<testsuite skipped="3" hostname="qc" name="com.hms.qa.tests.LoginPageTest" tests="3" failures="0" timestamp="10 Jul 2018 10:46:32 GMT" time="0.000" errors="0">
  <testcase name="loginPageTitleTest" time="0.000" classname="com.hms.qa.tests.LoginPageTest">
    <skipped/>
  </testcase> <!-- loginPageTitleTest -->
  <testcase name="hmsLogoImageTest" time="0.000" classname="com.hms.qa.tests.LoginPageTest">
    <skipped/>
  </testcase> <!-- hmsLogoImageTest -->
  <testcase name="loginTest" time="0.000" classname="com.hms.qa.tests.LoginPageTest">
    <skipped/>
  </testcase> <!-- loginTest -->
</testsuite> <!-- com.hms.qa.tests.LoginPageTest -->
